<?xml version="1.0" encoding="UTF-8"?>
<!-- Generated by org.testng.reporters.JUnitXMLReporter -->
<testsuite ignored="0" hostname="LAPTOP-BPMIUUGL" failures="0" tests="6" name="Surefire test" time="4.278" errors="0" timestamp="2026-07-20T03:24:21 PDT">
  <testcase classname="com.api.tests.createAccountTest" name="createAccountTest" time="2.217"/>
  <testcase classname="com.api.tests.forgotPasswordTest" name="forgotPasswordTest" time="0.167"/>
  <testcase classname="com.api.tests.getProfileRequestTest" name="getProfileInfoTest" time="0.548"/>
  <testcase classname="com.api.tests.LoginAPITest" name="loginTest" time="0.775"/>
  <testcase classname="com.api.tests.ResetPasswordTest" name="resetPasswordTest" time="0.124"/>
  <testcase classname="com.api.tests.UpdateProfileTest" name="getProfileInfoTest" time="0.412"/>
</testsuite> <!-- Surefire test -->
