<?xml version="1.0" encoding="UTF-8"?>
<testng-results ignored="0" total="6" passed="6" failed="0" skipped="0">
  <reporter-output>
  </reporter-output>
  <suite started-at="2026-07-20T03:24:17 PDT" name="Surefire suite" finished-at="2026-07-20T03:24:21 PDT" duration-ms="4278">
    <groups>
    </groups>
    <test started-at="2026-07-20T03:24:17 PDT" name="Surefire test" finished-at="2026-07-20T03:24:21 PDT" duration-ms="4278">
      <class name="com.api.tests.createAccountTest">
        <test-method signature="createAccountTest()[pri:0, instance:com.api.tests.createAccountTest@731f8236]" started-at="2026-07-20T03:24:17 PDT" name="createAccountTest" description="Verify if login API is working..." finished-at="2026-07-20T03:24:19 PDT" duration-ms="2217" status="PASS">
          <reporter-output>
          </reporter-output>
        </test-method> <!-- createAccountTest -->
      </class> <!-- com.api.tests.createAccountTest -->
      <class name="com.api.tests.UpdateProfileTest">
        <test-method signature="getProfileInfoTest()[pri:0, instance:com.api.tests.UpdateProfileTest@6279cee3]" started-at="2026-07-20T03:24:21 PDT" name="getProfileInfoTest" finished-at="2026-07-20T03:24:21 PDT" duration-ms="412" status="PASS">
          <reporter-output>
          </reporter-output>
        </test-method> <!-- getProfileInfoTest -->
      </class> <!-- com.api.tests.UpdateProfileTest -->
      <class name="com.api.tests.getProfileRequestTest">
        <test-method signature="getProfileInfoTest()[pri:0, instance:com.api.tests.getProfileRequestTest@18a70f16]" started-at="2026-07-20T03:24:19 PDT" name="getProfileInfoTest" finished-at="2026-07-20T03:24:20 PDT" duration-ms="548" status="PASS">
          <reporter-output>
          </reporter-output>
        </test-method> <!-- getProfileInfoTest -->
      </class> <!-- com.api.tests.getProfileRequestTest -->
      <class name="com.api.tests.forgotPasswordTest">
        <test-method signature="forgotPasswordTest()[pri:0, instance:com.api.tests.forgotPasswordTest@4f9a3314]" started-at="2026-07-20T03:24:19 PDT" name="forgotPasswordTest" description="Verify if Forgot Password API is working..." finished-at="2026-07-20T03:24:19 PDT" duration-ms="167" status="PASS">
          <reporter-output>
          </reporter-output>
        </test-method> <!-- forgotPasswordTest -->
      </class> <!-- com.api.tests.forgotPasswordTest -->
      <class name="com.api.tests.ResetPasswordTest">
        <test-method signature="resetPasswordTest()[pri:0, instance:com.api.tests.ResetPasswordTest@c8e4bb0]" started-at="2026-07-20T03:24:21 PDT" name="resetPasswordTest" description="Verify if reset password is working correctly.." finished-at="2026-07-20T03:24:21 PDT" duration-ms="124" status="PASS">
          <reporter-output>
          </reporter-output>
        </test-method> <!-- resetPasswordTest -->
      </class> <!-- com.api.tests.ResetPasswordTest -->
      <class name="com.api.tests.LoginAPITest">
        <test-method signature="loginTest()[pri:0, instance:com.api.tests.LoginAPITest@62e136d3]" started-at="2026-07-20T03:24:20 PDT" name="loginTest" description="Verify if Login API is working...." finished-at="2026-07-20T03:24:21 PDT" duration-ms="775" status="PASS">
          <reporter-output>
          </reporter-output>
        </test-method> <!-- loginTest -->
      </class> <!-- com.api.tests.LoginAPITest -->
    </test> <!-- Surefire test -->
  </suite> <!-- Surefire suite -->
</testng-results>
