<?xml version="1.0" encoding="UTF-8"?>
<testsuite xmlns:xsi="http://www.w3.org/2001/XMLSchema-instance" xsi:noNamespaceSchemaLocation="https://maven.apache.org/surefire/maven-surefire-plugin/xsd/surefire-test-report.xsd" version="3.0.2" name="TestSuite" time="4.656" tests="6" errors="0" skipped="0" failures="0">
  <properties>
[...]
</properties>
  <testcase name="createAccountTest" classname="com.api.tests.createAccountTest" time="2.222">
    <system-out><![CDATA[shrabantius@gmail.com03:24:19.121 [main] INFO  com.api.filters.LoggingFilter - BASE URI:http://64.227.160.186:8080
03:24:19.122 [main] INFO  com.api.filters.LoggingFilter - Request Header:Accept=*/*
Content-Type=application/json
03:24:19.122 [main] INFO  com.api.filters.LoggingFilter - Request Payload:{"username":"disha123baby","password":"disha1235","email":"shrabantius@gmail.com","firstName":"Disha","lastName":"Bhatt","mobileNumber":"9831601509"}
03:24:19.727 [main] INFO  com.api.filters.LoggingFilter - STATUS CODE:400
03:24:19.728 [main] INFO  com.api.filters.LoggingFilter - Response Header :Vary=Origin
Vary=Access-Control-Request-Method
Vary=Access-Control-Request-Headers
Access-Control-Allow-Origin=https://swift.techwithjatin.com
Access-Control-Allow-Methods=GET, POST, PUT, DELETE, OPTIONS
Access-Control-Max-Age=3600
Access-Control-Allow-Headers=Authorization, Content-Type, Accept
Access-Control-Allow-Credentials=true
X-Content-Type-Options=nosniff
X-XSS-Protection=0
Cache-Control=no-cache, no-store, max-age=0, must-revalidate
Pragma=no-cache
Expires=0
X-Frame-Options=DENY
Content-Type=text/plain;charset=UTF-8
Content-Length=33
Date=Mon, 20 Jul 2026 10:24:15 GMT
Connection=close
Error: Username is already taken!
03:24:19.748 [main] INFO  com.api.filters.LoggingFilter - Request Body :Error: Username is already taken!
Error: Username is already taken!
]]></system-out>
    <system-err><![CDATA[SLF4J(W): No SLF4J providers were found.
SLF4J(W): Defaulting to no-operation (NOP) logger implementation
SLF4J(W): See https://www.slf4j.org/codes.html#noProviders for further details.
log4j:WARN No appenders could be found for logger (org.apache.http.impl.conn.BasicClientConnectionManager).
log4j:WARN Please initialize the log4j system properly.
log4j:WARN See http://logging.apache.org/log4j/1.2/faq.html#noconfig for more info.
]]></system-err>
  </testcase>
  <testcase name="forgotPasswordTest" classname="com.api.tests.forgotPasswordTest" time="0.164">
    <system-out><![CDATA[03:24:19.794 [main] INFO  com.api.filters.LoggingFilter - BASE URI:http://64.227.160.186:8080
03:24:19.794 [main] INFO  com.api.filters.LoggingFilter - Request Header:Accept=*/*
Content-Type=application/json
03:24:19.794 [main] INFO  com.api.filters.LoggingFilter - Request Payload:{"email":"majumdershrabanti900@gmail.com"}
03:24:19.899 [main] INFO  com.api.filters.LoggingFilter - STATUS CODE:500
03:24:19.899 [main] INFO  com.api.filters.LoggingFilter - Response Header :Vary=Origin
Vary=Access-Control-Request-Method
Vary=Access-Control-Request-Headers
Access-Control-Allow-Origin=https://swift.techwithjatin.com
Access-Control-Allow-Methods=GET, POST, PUT, DELETE, OPTIONS
Access-Control-Max-Age=3600
Access-Control-Allow-Headers=Authorization, Content-Type, Accept
Access-Control-Allow-Credentials=true
X-Content-Type-Options=nosniff
X-XSS-Protection=0
Cache-Control=no-cache, no-store, max-age=0, must-revalidate
Pragma=no-cache
Expires=0
X-Frame-Options=DENY
Content-Type=application/json
Transfer-Encoding=chunked
Date=Mon, 20 Jul 2026 10:24:16 GMT
Connection=close
{
    "timestamp": "2026-07-20 10:24:16",
    "status": 500,
    "error": "System Error",
    "message": "An unexpected error occurred",
    "path": "uri=/api/auth/forgot-password",
    "solution": "Please try again later or contact support",
    "errorCode": "SYS_001"
}
03:24:19.918 [main] INFO  com.api.filters.LoggingFilter - Request Body :{
    "timestamp": "2026-07-20 10:24:16",
    "status": 500,
    "error": "System Error",
    "message": "An unexpected error occurred",
    "path": "uri=/api/auth/forgot-password",
    "solution": "Please try again later or contact support",
    "errorCode": "SYS_001"
}
{
    "timestamp": "2026-07-20 10:24:16",
    "status": 500,
    "error": "System Error",
    "message": "An unexpected error occurred",
    "path": "uri=/api/auth/forgot-password",
    "solution": "Please try again later or contact support",
    "errorCode": "SYS_001"
}
]]></system-out>
  </testcase>
  <testcase name="getProfileInfoTest" classname="com.api.tests.getProfileRequestTest" time="0.552">
    <system-out><![CDATA[03:24:19.934 [main] INFO  com.api.filters.LoggingFilter - BASE URI:http://64.227.160.186:8080
03:24:19.934 [main] INFO  com.api.filters.LoggingFilter - Request Header:Accept=*/*
Content-Type=application/json
03:24:19.934 [main] INFO  com.api.filters.LoggingFilter - Request Payload:{"username":"shrabanti","password":"disha12345"}
03:24:20.134 [main] INFO  com.api.filters.LoggingFilter - STATUS CODE:200
03:24:20.135 [main] INFO  com.api.filters.LoggingFilter - Response Header :Vary=Origin
Vary=Access-Control-Request-Method
Vary=Access-Control-Request-Headers
Access-Control-Allow-Origin=https://swift.techwithjatin.com
Access-Control-Allow-Methods=GET, POST, PUT, DELETE, OPTIONS
Access-Control-Max-Age=3600
Access-Control-Allow-Headers=Authorization, Content-Type, Accept
Access-Control-Allow-Credentials=true
X-Content-Type-Options=nosniff
X-XSS-Protection=0
Cache-Control=no-cache, no-store, max-age=0, must-revalidate
Pragma=no-cache
Expires=0
X-Frame-Options=DENY
Content-Type=application/json
Transfer-Encoding=chunked
Date=Mon, 20 Jul 2026 10:24:16 GMT
Keep-Alive=timeout=60
Connection=keep-alive
{
    "token": "eyJhbGciOiJIUzI1NiJ9.eyJzdWIiOiJTaHJhYmFudGkiLCJpYXQiOjE3ODQ1NDMwNTYsImV4cCI6MTc4NDU0NjY1Nn0.1qxbqTEv-tdefcIIMwYVCTG58M3icDj10DgJ5i8UIXo",
    "type": "Bearer",
    "id": 5493,
    "username": "Shrabanti",
    "email": "majumdershrabanti900@gmail.com",
    "roles": [
        "ROLE_USER"
    ]
}
03:24:20.137 [main] INFO  com.api.filters.LoggingFilter - Request Body :{
    "token": "eyJhbGciOiJIUzI1NiJ9.eyJzdWIiOiJTaHJhYmFudGkiLCJpYXQiOjE3ODQ1NDMwNTYsImV4cCI6MTc4NDU0NjY1Nn0.1qxbqTEv-tdefcIIMwYVCTG58M3icDj10DgJ5i8UIXo",
    "type": "Bearer",
    "id": 5493,
    "username": "Shrabanti",
    "email": "majumdershrabanti900@gmail.com",
    "roles": [
        "ROLE_USER"
    ]
}
eyJhbGciOiJIUzI1NiJ9.eyJzdWIiOiJTaHJhYmFudGkiLCJpYXQiOjE3ODQ1NDMwNTYsImV4cCI6MTc4NDU0NjY1Nn0.1qxbqTEv-tdefcIIMwYVCTG58M3icDj10DgJ5i8UIXo
03:24:20.215 [main] INFO  com.api.filters.LoggingFilter - BASE URI:http://64.227.160.186:8080
03:24:20.215 [main] INFO  com.api.filters.LoggingFilter - Request Header:Authorization=Bearer eyJhbGciOiJIUzI1NiJ9.eyJzdWIiOiJTaHJhYmFudGkiLCJpYXQiOjE3ODQ1NDMwNTYsImV4cCI6MTc4NDU0NjY1Nn0.1qxbqTEv-tdefcIIMwYVCTG58M3icDj10DgJ5i8UIXo
Accept=*/*
03:24:20.215 [main] INFO  com.api.filters.LoggingFilter - Request Payload:null
03:24:20.361 [main] INFO  com.api.filters.LoggingFilter - STATUS CODE:200
03:24:20.361 [main] INFO  com.api.filters.LoggingFilter - Response Header :Vary=Origin
Vary=Access-Control-Request-Method
Vary=Access-Control-Request-Headers
Access-Control-Allow-Origin=https://swift.techwithjatin.com
Access-Control-Allow-Methods=GET, POST, PUT, DELETE, OPTIONS
Access-Control-Max-Age=3600
Access-Control-Allow-Headers=Authorization, Content-Type, Accept
Access-Control-Allow-Credentials=true
X-Content-Type-Options=nosniff
X-XSS-Protection=0
Cache-Control=no-cache, no-store, max-age=0, must-revalidate
Pragma=no-cache
Expires=0
X-Frame-Options=DENY
Content-Type=application/json
Transfer-Encoding=chunked
Date=Mon, 20 Jul 2026 10:24:16 GMT
Keep-Alive=timeout=60
Connection=keep-alive
{
    "id": 5493,
    "username": "Shrabanti",
    "email": "majumdershrabanti900@gmail.com",
    "firstName": "ShrabantiBABY",
    "lastName": "Majumder",
    "mobileNumber": "9874818447"
}
03:24:20.364 [main] INFO  com.api.filters.LoggingFilter - Request Body :{
    "id": 5493,
    "username": "Shrabanti",
    "email": "majumdershrabanti900@gmail.com",
    "firstName": "ShrabantiBABY",
    "lastName": "Majumder",
    "mobileNumber": "9874818447"
}
{
    "id": 5493,
    "username": "Shrabanti",
    "email": "majumdershrabanti900@gmail.com",
    "firstName": "ShrabantiBABY",
    "lastName": "Majumder",
    "mobileNumber": "9874818447"
}
03:24:20.368 [main] INFO  com.api.filters.LoggingFilter - BASE URI:http://64.227.160.186:8080
03:24:20.368 [main] INFO  com.api.filters.LoggingFilter - Request Header:Authorization=Bearer eyJhbGciOiJIUzI1NiJ9.eyJzdWIiOiJTaHJhYmFudGkiLCJpYXQiOjE3ODQ1NDMwNTYsImV4cCI6MTc4NDU0NjY1Nn0.1qxbqTEv-tdefcIIMwYVCTG58M3icDj10DgJ5i8UIXo
Accept=*/*
Authorization=Bearer eyJhbGciOiJIUzI1NiJ9.eyJzdWIiOiJTaHJhYmFudGkiLCJpYXQiOjE3ODQ1NDMwNTYsImV4cCI6MTc4NDU0NjY1Nn0.1qxbqTEv-tdefcIIMwYVCTG58M3icDj10DgJ5i8UIXo
03:24:20.369 [main] INFO  com.api.filters.LoggingFilter - Request Payload:null
03:24:20.464 [main] INFO  com.api.filters.LoggingFilter - STATUS CODE:200
03:24:20.464 [main] INFO  com.api.filters.LoggingFilter - Response Header :Vary=Origin
Vary=Access-Control-Request-Method
Vary=Access-Control-Request-Headers
Access-Control-Allow-Origin=https://swift.techwithjatin.com
Access-Control-Allow-Methods=GET, POST, PUT, DELETE, OPTIONS
Access-Control-Max-Age=3600
Access-Control-Allow-Headers=Authorization, Content-Type, Accept
Access-Control-Allow-Credentials=true
X-Content-Type-Options=nosniff
X-XSS-Protection=0
Cache-Control=no-cache, no-store, max-age=0, must-revalidate
Pragma=no-cache
Expires=0
X-Frame-Options=DENY
Content-Type=application/json
Transfer-Encoding=chunked
Date=Mon, 20 Jul 2026 10:24:16 GMT
Keep-Alive=timeout=60
Connection=keep-alive
{
    "id": 5493,
    "username": "Shrabanti",
    "email": "majumdershrabanti900@gmail.com",
    "firstName": "ShrabantiBABY",
    "lastName": "Majumder",
    "mobileNumber": "9874818447"
}
03:24:20.466 [main] INFO  com.api.filters.LoggingFilter - Request Body :{
    "id": 5493,
    "username": "Shrabanti",
    "email": "majumdershrabanti900@gmail.com",
    "firstName": "ShrabantiBABY",
    "lastName": "Majumder",
    "mobileNumber": "9874818447"
}
Shrabanti
]]></system-out>
  </testcase>
  <testcase name="loginTest" classname="com.api.tests.LoginAPITest" time="0.772">
    <system-out><![CDATA[03:24:20.474 [main] INFO  com.api.filters.LoggingFilter - BASE URI:http://64.227.160.186:8080
03:24:20.475 [main] INFO  com.api.filters.LoggingFilter - Request Header:Accept=*/*
Content-Type=application/json
03:24:20.475 [main] INFO  com.api.filters.LoggingFilter - Request Payload:{"username": "shrabanti","password": "disha12345"}
03:24:20.765 [main] INFO  com.api.filters.LoggingFilter - STATUS CODE:200
03:24:20.765 [main] INFO  com.api.filters.LoggingFilter - Response Header :Vary=Origin
Vary=Access-Control-Request-Method
Vary=Access-Control-Request-Headers
Access-Control-Allow-Origin=https://swift.techwithjatin.com
Access-Control-Allow-Methods=GET, POST, PUT, DELETE, OPTIONS
Access-Control-Max-Age=3600
Access-Control-Allow-Headers=Authorization, Content-Type, Accept
Access-Control-Allow-Credentials=true
X-Content-Type-Options=nosniff
X-XSS-Protection=0
Cache-Control=no-cache, no-store, max-age=0, must-revalidate
Pragma=no-cache
Expires=0
X-Frame-Options=DENY
Content-Type=application/json
Transfer-Encoding=chunked
Date=Mon, 20 Jul 2026 10:24:16 GMT
Keep-Alive=timeout=60
Connection=keep-alive
{
    "token": "eyJhbGciOiJIUzI1NiJ9.eyJzdWIiOiJTaHJhYmFudGkiLCJpYXQiOjE3ODQ1NDMwNTYsImV4cCI6MTc4NDU0NjY1Nn0.1qxbqTEv-tdefcIIMwYVCTG58M3icDj10DgJ5i8UIXo",
    "type": "Bearer",
    "id": 5493,
    "username": "Shrabanti",
    "email": "majumdershrabanti900@gmail.com",
    "roles": [
        "ROLE_USER"
    ]
}
03:24:20.767 [main] INFO  com.api.filters.LoggingFilter - Request Body :{
    "token": "eyJhbGciOiJIUzI1NiJ9.eyJzdWIiOiJTaHJhYmFudGkiLCJpYXQiOjE3ODQ1NDMwNTYsImV4cCI6MTc4NDU0NjY1Nn0.1qxbqTEv-tdefcIIMwYVCTG58M3icDj10DgJ5i8UIXo",
    "type": "Bearer",
    "id": 5493,
    "username": "Shrabanti",
    "email": "majumdershrabanti900@gmail.com",
    "roles": [
        "ROLE_USER"
    ]
}
{
    "token": "eyJhbGciOiJIUzI1NiJ9.eyJzdWIiOiJTaHJhYmFudGkiLCJpYXQiOjE3ODQ1NDMwNTYsImV4cCI6MTc4NDU0NjY1Nn0.1qxbqTEv-tdefcIIMwYVCTG58M3icDj10DgJ5i8UIXo",
    "type": "Bearer",
    "id": 5493,
    "username": "Shrabanti",
    "email": "majumdershrabanti900@gmail.com",
    "roles": [
        "ROLE_USER"
    ]
}
Path in response: null
]]></system-out>
  </testcase>
  <testcase name="resetPasswordTest" classname="com.api.tests.ResetPasswordTest" time="0.222">
    <system-out><![CDATA[03:24:21.261 [main] INFO  com.api.filters.LoggingFilter - BASE URI:http://64.227.160.186:8080
03:24:21.262 [main] INFO  com.api.filters.LoggingFilter - Request Header:Accept=*/*
Content-Type=application/json
03:24:21.262 [main] INFO  com.api.filters.LoggingFilter - Request Payload:{"token":"17ae4bc2-92f6-486f-a5f6-a344545c8cfc","newPassword":"disha12345","confirmPassword":"disha12345"}
03:24:21.362 [main] INFO  com.api.filters.LoggingFilter - STATUS CODE:400
03:24:21.363 [main] INFO  com.api.filters.LoggingFilter - Response Header :Vary=Origin
Vary=Access-Control-Request-Method
Vary=Access-Control-Request-Headers
Access-Control-Allow-Origin=https://swift.techwithjatin.com
Access-Control-Allow-Methods=GET, POST, PUT, DELETE, OPTIONS
Access-Control-Max-Age=3600
Access-Control-Allow-Headers=Authorization, Content-Type, Accept
Access-Control-Allow-Credentials=true
X-Content-Type-Options=nosniff
X-XSS-Protection=0
Cache-Control=no-cache, no-store, max-age=0, must-revalidate
Pragma=no-cache
Expires=0
X-Frame-Options=DENY
Content-Type=application/json
Transfer-Encoding=chunked
Date=Mon, 20 Jul 2026 10:24:17 GMT
Connection=close
{
    "message": "Invalid reset token"
}
03:24:21.366 [main] INFO  com.api.filters.LoggingFilter - Request Body :{
    "message": "Invalid reset token"
}
{
    "message": "Invalid reset token"
}
{"token":"17ae4bc2-92f6-486f-a5f6-a344545c8cfc","newPassword":"disha12345","confirmPassword":"disha12345"}
]]></system-out>
  </testcase>
  <testcase name="getProfileInfoTest" classname="com.api.tests.UpdateProfileTest" time="0.32">
    <system-out><![CDATA[03:24:21.385 [main] INFO  com.api.filters.LoggingFilter - BASE URI:http://64.227.160.186:8080
03:24:21.385 [main] INFO  com.api.filters.LoggingFilter - Request Header:Accept=*/*
Content-Type=application/json
03:24:21.385 [main] INFO  com.api.filters.LoggingFilter - Request Payload:{"username":"shrabanti","password":"disha12345"}
03:24:21.553 [main] INFO  com.api.filters.LoggingFilter - STATUS CODE:200
03:24:21.553 [main] INFO  com.api.filters.LoggingFilter - Response Header :Vary=Origin
Vary=Access-Control-Request-Method
Vary=Access-Control-Request-Headers
Access-Control-Allow-Origin=https://swift.techwithjatin.com
Access-Control-Allow-Methods=GET, POST, PUT, DELETE, OPTIONS
Access-Control-Max-Age=3600
Access-Control-Allow-Headers=Authorization, Content-Type, Accept
Access-Control-Allow-Credentials=true
X-Content-Type-Options=nosniff
X-XSS-Protection=0
Cache-Control=no-cache, no-store, max-age=0, must-revalidate
Pragma=no-cache
Expires=0
X-Frame-Options=DENY
Content-Type=application/json
Transfer-Encoding=chunked
Date=Mon, 20 Jul 2026 10:24:17 GMT
Keep-Alive=timeout=60
Connection=keep-alive
{
    "token": "eyJhbGciOiJIUzI1NiJ9.eyJzdWIiOiJTaHJhYmFudGkiLCJpYXQiOjE3ODQ1NDMwNTcsImV4cCI6MTc4NDU0NjY1N30.fJCk2zoxFiROXIwQcUUurxdBnsMtR3PXTL6LWNiJX9E",
    "type": "Bearer",
    "id": 5493,
    "username": "Shrabanti",
    "email": "majumdershrabanti900@gmail.com",
    "roles": [
        "ROLE_USER"
    ]
}
03:24:21.555 [main] INFO  com.api.filters.LoggingFilter - Request Body :{
    "token": "eyJhbGciOiJIUzI1NiJ9.eyJzdWIiOiJTaHJhYmFudGkiLCJpYXQiOjE3ODQ1NDMwNTcsImV4cCI6MTc4NDU0NjY1N30.fJCk2zoxFiROXIwQcUUurxdBnsMtR3PXTL6LWNiJX9E",
    "type": "Bearer",
    "id": 5493,
    "username": "Shrabanti",
    "email": "majumdershrabanti900@gmail.com",
    "roles": [
        "ROLE_USER"
    ]
}
eyJhbGciOiJIUzI1NiJ9.eyJzdWIiOiJTaHJhYmFudGkiLCJpYXQiOjE3ODQ1NDMwNTcsImV4cCI6MTc4NDU0NjY1N30.fJCk2zoxFiROXIwQcUUurxdBnsMtR3PXTL6LWNiJX9E
03:24:21.565 [main] INFO  com.api.filters.LoggingFilter - BASE URI:http://64.227.160.186:8080
03:24:21.565 [main] INFO  com.api.filters.LoggingFilter - Request Header:Authorization=Bearer eyJhbGciOiJIUzI1NiJ9.eyJzdWIiOiJTaHJhYmFudGkiLCJpYXQiOjE3ODQ1NDMwNTcsImV4cCI6MTc4NDU0NjY1N30.fJCk2zoxFiROXIwQcUUurxdBnsMtR3PXTL6LWNiJX9E
Accept=*/*
03:24:21.567 [main] INFO  com.api.filters.LoggingFilter - Request Payload:null
03:24:21.661 [main] INFO  com.api.filters.LoggingFilter - STATUS CODE:200
03:24:21.662 [main] INFO  com.api.filters.LoggingFilter - Response Header :Vary=Origin
Vary=Access-Control-Request-Method
Vary=Access-Control-Request-Headers
Access-Control-Allow-Origin=https://swift.techwithjatin.com
Access-Control-Allow-Methods=GET, POST, PUT, DELETE, OPTIONS
Access-Control-Max-Age=3600
Access-Control-Allow-Headers=Authorization, Content-Type, Accept
Access-Control-Allow-Credentials=true
X-Content-Type-Options=nosniff
X-XSS-Protection=0
Cache-Control=no-cache, no-store, max-age=0, must-revalidate
Pragma=no-cache
Expires=0
X-Frame-Options=DENY
Content-Type=application/json
Transfer-Encoding=chunked
Date=Mon, 20 Jul 2026 10:24:17 GMT
Keep-Alive=timeout=60
Connection=keep-alive
{
    "id": 5493,
    "username": "Shrabanti",
    "email": "majumdershrabanti900@gmail.com",
    "firstName": "ShrabantiBABY",
    "lastName": "Majumder",
    "mobileNumber": "9874818447"
}
03:24:21.663 [main] INFO  com.api.filters.LoggingFilter - Request Body :{
    "id": 5493,
    "username": "Shrabanti",
    "email": "majumdershrabanti900@gmail.com",
    "firstName": "ShrabantiBABY",
    "lastName": "Majumder",
    "mobileNumber": "9874818447"
}
{
    "id": 5493,
    "username": "Shrabanti",
    "email": "majumdershrabanti900@gmail.com",
    "firstName": "ShrabantiBABY",
    "lastName": "Majumder",
    "mobileNumber": "9874818447"
}
03:24:21.684 [main] INFO  com.api.filters.LoggingFilter - BASE URI:http://64.227.160.186:8080
03:24:21.684 [main] INFO  com.api.filters.LoggingFilter - Request Header:Authorization=Bearer eyJhbGciOiJIUzI1NiJ9.eyJzdWIiOiJTaHJhYmFudGkiLCJpYXQiOjE3ODQ1NDMwNTcsImV4cCI6MTc4NDU0NjY1N30.fJCk2zoxFiROXIwQcUUurxdBnsMtR3PXTL6LWNiJX9E
Accept=*/*
Authorization=Bearer eyJhbGciOiJIUzI1NiJ9.eyJzdWIiOiJTaHJhYmFudGkiLCJpYXQiOjE3ODQ1NDMwNTcsImV4cCI6MTc4NDU0NjY1N30.fJCk2zoxFiROXIwQcUUurxdBnsMtR3PXTL6LWNiJX9E
Content-Type=application/json
03:24:21.684 [main] INFO  com.api.filters.LoggingFilter - Request Payload:{"firstName":"ShrabantiBABY","lastName":"Majumder","email":"majumdershrabanti900@gmail.com","mobileNumber":"9874818447"}
03:24:21.782 [main] INFO  com.api.filters.LoggingFilter - STATUS CODE:200
03:24:21.783 [main] INFO  com.api.filters.LoggingFilter - Response Header :Vary=Origin
Vary=Access-Control-Request-Method
Vary=Access-Control-Request-Headers
Access-Control-Allow-Origin=https://swift.techwithjatin.com
Access-Control-Allow-Methods=GET, POST, PUT, DELETE, OPTIONS
Access-Control-Max-Age=3600
Access-Control-Allow-Headers=Authorization, Content-Type, Accept
Access-Control-Allow-Credentials=true
X-Content-Type-Options=nosniff
X-XSS-Protection=0
Cache-Control=no-cache, no-store, max-age=0, must-revalidate
Pragma=no-cache
Expires=0
X-Frame-Options=DENY
Content-Type=application/json
Transfer-Encoding=chunked
Date=Mon, 20 Jul 2026 10:24:17 GMT
Keep-Alive=timeout=60
Connection=keep-alive
{
    "id": 5493,
    "username": "Shrabanti",
    "email": "majumdershrabanti900@gmail.com",
    "firstName": "ShrabantiBABY",
    "lastName": "Majumder",
    "mobileNumber": "9874818447"
}
03:24:21.783 [main] INFO  com.api.filters.LoggingFilter - Request Body :{
    "id": 5493,
    "username": "Shrabanti",
    "email": "majumdershrabanti900@gmail.com",
    "firstName": "ShrabantiBABY",
    "lastName": "Majumder",
    "mobileNumber": "9874818447"
}
{
    "id": 5493,
    "username": "Shrabanti",
    "email": "majumdershrabanti900@gmail.com",
    "firstName": "ShrabantiBABY",
    "lastName": "Majumder",
    "mobileNumber": "9874818447"
}
]]></system-out>
  </testcase>
</testsuite>