<?xml version="1.0" encoding="UTF-8"?>
<testng-results ignored="0" total="1" passed="1" failed="0" skipped="0">
  <reporter-output>
  </reporter-output>
  <suite started-at="2026-07-20T03:11:35 PDT" name="Suite" finished-at="2026-07-20T03:11:37 PDT" duration-ms="2368">
    <groups>
    </groups>
    <test started-at="2026-07-20T03:11:35 PDT" name="Test" finished-at="2026-07-20T03:11:37 PDT" duration-ms="2368">
      <class name="com.api.tests.LoginAPITest3">
        <test-method signature="loginTest()[pri:0, instance:com.api.tests.LoginAPITest3@223191a6]" started-at="2026-07-20T03:11:35 PDT" name="loginTest" description="Verify if Login API is working..." finished-at="2026-07-20T03:11:37 PDT" duration-ms="2331" status="PASS">
          <reporter-output>
          </reporter-output>
        </test-method> <!-- loginTest -->
      </class> <!-- com.api.tests.LoginAPITest3 -->
    </test> <!-- Test -->
  </suite> <!-- Suite -->
</testng-results>
